global_palette.h
global_palette.c
nyancat_1.h
nyancat_1.c
nyancat_2.h
nyancat_2.c
nyancat_3.h
nyancat_3.c
nyancat_4.h
nyancat_4.c
nyancat_5.h
nyancat_5.c
nyancat_6.h
nyancat_6.c
nyancat_7.h
nyancat_7.c
nyancat_8.h
nyancat_8.c
nyancat_9.h
nyancat_9.c
nyancat_10.h
nyancat_10.c
nyancat_11.h
nyancat_11.c
nyancat_12.h
nyancat_12.c
health.h
health.c
shit.h
shit.c
shithead.h
shithead.c
head.h
head.c
gfx.h
pumpkin.h
NyaPumpk.c
NyaPumpk.8xv
gb.h
NyanSkGB.c
NyanSkGB.8xv
grumpy.h
NyanGrum.c
NyanGrum.8xv
jazz.h
NyanJazz.c
NyanJazz.8xv
mummy.h
NyanMumm.c
NyanMumm.8xv
pirate.h
PirNyate.c
PirNyate.8xv
tacnyan.h
NyanTaco.c
NyanTaco.8xv
technyancolor.h
NyanTCC.c
NyanTCC.8xv
vday.h
NyanVDay.c
NyanVDay.8xv
zombie.h
NyanZomb.c
NyanZomb.8xv
